<?xml version="1.0" encoding="UTF-8" standalone="no"?>
<testsuite errors="0" failures="3" name="io.cucumber.core.plugin.JUnitFormatter" skipped="0" tests="3" time="11.835">
    <testcase classname="WorKing With Amazon page" name="Set up location" time="4.415">
        <failure message="Unable to establish websocket connection to http://localhost:60220/devtools/browser/11fe5d57-5b01-44a8-8df7-37293a0025f9&#10;Build info: version: '4.1.3', revision: '7b1ebf28ef'&#10;System info: host: 'EPINHYDW0E01', ip: '10.22.154.93', os.name: 'Windows 10', os.arch: 'amd64', os.version: '10.0', java.version: '18.0.1.1'&#10;Driver info: driver.version: EdgeDriver" type="org.openqa.selenium.remote.http.ConnectionFailedException"><![CDATA[Given user navigates to url "https://www.amazon.in/"........................skipped
When user clicks on location icon...........................................skipped
Then user give the pincode as "500001" and clicks on Apply button...........skipped

StackTrace:
org.openqa.selenium.remote.http.ConnectionFailedException: Unable to establish websocket connection to http://localhost:60220/devtools/browser/11fe5d57-5b01-44a8-8df7-37293a0025f9
Build info: version: '4.1.3', revision: '7b1ebf28ef'
System info: host: 'EPINHYDW0E01', ip: '10.22.154.93', os.name: 'Windows 10', os.arch: 'amd64', os.version: '10.0', java.version: '18.0.1.1'
Driver info: driver.version: EdgeDriver
	at org.openqa.selenium.remote.http.netty.NettyWebSocket.<init>(NettyWebSocket.java:104)
	at org.openqa.selenium.remote.http.netty.NettyWebSocket.lambda$create$3(NettyWebSocket.java:137)
	at org.openqa.selenium.remote.http.netty.NettyClient.openSocket(NettyClient.java:132)
	at org.openqa.selenium.devtools.Connection.<init>(Connection.java:77)
	at org.openqa.selenium.chromium.ChromiumDriver.lambda$new$2(ChromiumDriver.java:124)
	at java.base/java.util.Optional.map(Optional.java:260)
	at org.openqa.selenium.chromium.ChromiumDriver.<init>(ChromiumDriver.java:122)
	at org.openqa.selenium.edge.EdgeDriver.<init>(EdgeDriver.java:52)
	at org.openqa.selenium.edge.EdgeDriver.<init>(EdgeDriver.java:44)
	at org.openqa.selenium.edge.EdgeDriver.<init>(EdgeDriver.java:41)
	at Base.TestBase.openBrowser(TestBase.java:26)
	at StepDefinitions.ServiceHooks.initializeBrowser(ServiceHooks.java:29)
]]></failure>
    </testcase>
    <testcase classname="WorKing With Amazon page" name="Search for Mobiles Delivered by Tomorrow before prime action" time="3.583">
        <failure message="Unable to establish websocket connection to http://localhost:60251/devtools/browser/d61af465-252f-454b-900e-b8f954788ac9&#10;Build info: version: '4.1.3', revision: '7b1ebf28ef'&#10;System info: host: 'EPINHYDW0E01', ip: '10.22.154.93', os.name: 'Windows 10', os.arch: 'amd64', os.version: '10.0', java.version: '18.0.1.1'&#10;Driver info: driver.version: EdgeDriver" type="org.openqa.selenium.remote.http.ConnectionFailedException"><![CDATA[Given user enter the "mobile" in the search bar and clicks the search icon..skipped
When user selects the Get It by Tomorrow checkbox...........................skipped
Then user get the results status before prime setup.........................skipped

StackTrace:
org.openqa.selenium.remote.http.ConnectionFailedException: Unable to establish websocket connection to http://localhost:60251/devtools/browser/d61af465-252f-454b-900e-b8f954788ac9
Build info: version: '4.1.3', revision: '7b1ebf28ef'
System info: host: 'EPINHYDW0E01', ip: '10.22.154.93', os.name: 'Windows 10', os.arch: 'amd64', os.version: '10.0', java.version: '18.0.1.1'
Driver info: driver.version: EdgeDriver
	at org.openqa.selenium.remote.http.netty.NettyWebSocket.<init>(NettyWebSocket.java:104)
	at org.openqa.selenium.remote.http.netty.NettyWebSocket.lambda$create$3(NettyWebSocket.java:137)
	at org.openqa.selenium.remote.http.netty.NettyClient.openSocket(NettyClient.java:132)
	at org.openqa.selenium.devtools.Connection.<init>(Connection.java:77)
	at org.openqa.selenium.chromium.ChromiumDriver.lambda$new$2(ChromiumDriver.java:124)
	at java.base/java.util.Optional.map(Optional.java:260)
	at org.openqa.selenium.chromium.ChromiumDriver.<init>(ChromiumDriver.java:122)
	at org.openqa.selenium.edge.EdgeDriver.<init>(EdgeDriver.java:52)
	at org.openqa.selenium.edge.EdgeDriver.<init>(EdgeDriver.java:44)
	at org.openqa.selenium.edge.EdgeDriver.<init>(EdgeDriver.java:41)
	at Base.TestBase.openBrowser(TestBase.java:26)
	at StepDefinitions.ServiceHooks.initializeBrowser(ServiceHooks.java:29)
]]></failure>
    </testcase>
    <testcase classname="WorKing With Amazon page" name="Search for Mobiles Delivered by Tomorrow after prime action" time="3.563">
        <failure message="Unable to establish websocket connection to http://localhost:60283/devtools/browser/bb951c39-e115-47f1-a1fc-9f7be66cad55&#10;Build info: version: '4.1.3', revision: '7b1ebf28ef'&#10;System info: host: 'EPINHYDW0E01', ip: '10.22.154.93', os.name: 'Windows 10', os.arch: 'amd64', os.version: '10.0', java.version: '18.0.1.1'&#10;Driver info: driver.version: EdgeDriver" type="org.openqa.selenium.remote.http.ConnectionFailedException"><![CDATA[Given user enter the "mobile" in the search bar and clicks the search icon..skipped
When user selects the Get It by Tomorrow checkbox...........................skipped
Then user get the results status after prime setup..........................skipped

StackTrace:
org.openqa.selenium.remote.http.ConnectionFailedException: Unable to establish websocket connection to http://localhost:60283/devtools/browser/bb951c39-e115-47f1-a1fc-9f7be66cad55
Build info: version: '4.1.3', revision: '7b1ebf28ef'
System info: host: 'EPINHYDW0E01', ip: '10.22.154.93', os.name: 'Windows 10', os.arch: 'amd64', os.version: '10.0', java.version: '18.0.1.1'
Driver info: driver.version: EdgeDriver
	at org.openqa.selenium.remote.http.netty.NettyWebSocket.<init>(NettyWebSocket.java:104)
	at org.openqa.selenium.remote.http.netty.NettyWebSocket.lambda$create$3(NettyWebSocket.java:137)
	at org.openqa.selenium.remote.http.netty.NettyClient.openSocket(NettyClient.java:132)
	at org.openqa.selenium.devtools.Connection.<init>(Connection.java:77)
	at org.openqa.selenium.chromium.ChromiumDriver.lambda$new$2(ChromiumDriver.java:124)
	at java.base/java.util.Optional.map(Optional.java:260)
	at org.openqa.selenium.chromium.ChromiumDriver.<init>(ChromiumDriver.java:122)
	at org.openqa.selenium.edge.EdgeDriver.<init>(EdgeDriver.java:52)
	at org.openqa.selenium.edge.EdgeDriver.<init>(EdgeDriver.java:44)
	at org.openqa.selenium.edge.EdgeDriver.<init>(EdgeDriver.java:41)
	at Base.TestBase.openBrowser(TestBase.java:26)
	at StepDefinitions.ServiceHooks.initializeBrowser(ServiceHooks.java:29)
]]></failure>
    </testcase>
</testsuite>
